\BOOKMARK [0][-]{section*.3}{\376\377\006\101\006\107\006\061\006\063\006\052\000\040\006\052\006\065\006\047\006\110\006\314\006\061}{}% 1
\BOOKMARK [0][-]{chapter.1}{\376\377\006\105\006\102\006\057\006\105\006\107}{}% 2
\BOOKMARK [1][-]{section.1.1}{\376\377\006\105\006\102\006\057\006\105\006\107}{chapter.1}% 3
\BOOKMARK [1][-]{section.1.2}{\376\377\006\206\006\064\006\105\040\014\006\047\006\106\006\057\006\047\006\062\000\040\006\106\006\110\006\064\006\052\006\047\006\061}{chapter.1}% 4
\BOOKMARK [0][-]{chapter.2}{\376\377\006\105\006\071\006\061\006\101\006\314\000\040\006\105\006\101\006\047\006\107\006\314\006\105}{}% 5
\BOOKMARK [1][-]{section.2.1}{\376\377\006\056\006\104\006\047\006\065\006\107\040\014\006\063\006\047\006\062\006\314}{chapter.2}% 6
\BOOKMARK [1][-]{section.2.2}{\376\377\006\064\006\050\006\251\006\107\000\040\006\071\006\065\006\050\006\314}{chapter.2}% 7
\BOOKMARK [2][-]{subsection.2.2.1}{\376\377\006\052\006\061\006\106\006\063\006\101\006\110\006\061\006\105\006\061}{section.2.2}% 8
\BOOKMARK [2][-]{subsection.2.2.2}{\376\377\000\040\006\105\006\057\006\104\040\014\006\107\006\047\006\314\000\040\006\062\006\050\006\047\006\106\006\314\000\040\006\047\006\062\000\040\006\176\006\314\006\064\000\040\006\042\006\105\006\110\006\062\006\064\000\040\006\057\006\314\006\057\006\107\000\040\006\110\000\040\006\105\006\057\006\104\040\014\006\107\006\047\006\314\000\040\006\050\006\062\006\061\006\257\000\040\006\062\006\050\006\047\006\106\006\314}{section.2.2}% 9
\BOOKMARK [2][-]{subsection.2.2.3}{\376\377\006\061\006\110\006\064\000\040\006\107\006\047\006\314\000\040\006\101\006\064\006\061\006\057\006\107\040\014\006\063\006\047\006\062\006\314\000\040\006\105\006\057\006\104\040\014\006\107\006\047\006\314\000\040\006\050\006\062\006\061\006\257\000\040\006\062\006\050\006\047\006\106\006\314}{section.2.2}% 10
\BOOKMARK [2][-]{subsection.2.2.4}{\376\377\006\052\006\102\006\067\006\314\006\061\000\040\006\057\006\047\006\106\006\064}{section.2.2}% 11
\BOOKMARK [2][-]{subsection.2.2.5}{\376\377\006\251\006\110\006\047\006\106\006\052\006\047\006\314\006\062\006\047\006\063\006\314\006\110\006\106}{section.2.2}% 12
\BOOKMARK [2][-]{subsection.2.2.6}{\376\377\000\040\006\107\006\061\006\063\000\040\006\251\006\061\006\057\006\106}{section.2.2}% 13
\BOOKMARK [2][-]{subsection.2.2.7}{\376\377\000\040\006\052\006\106\006\070\006\314\006\105\000\040\006\057\006\102\006\314\006\102\000\040\006\050\006\107\006\314\006\106\006\107\040\014\006\064\006\057\006\107\000\040\006\176\006\047\006\061\006\047\006\105\006\052\006\061\006\107\006\047\000\040\006\050\006\061\006\047\006\314\000\040\006\105\006\057\006\104\040\014\006\107\006\047\006\314\000\040\006\062\006\050\006\047\006\106\006\314\000\040\006\050\006\062\006\061\006\257}{section.2.2}% 14
\BOOKMARK [1][-]{section.2.3}{\376\377\006\052\006\110\006\107\006\105}{chapter.2}% 15
\BOOKMARK [0][-]{chapter.3}{\376\377\006\105\006\061\006\110\006\061\000\040\006\052\006\047\006\061\006\314\006\056\006\206\006\107}{}% 16
\BOOKMARK [1][-]{section.3.1}{\376\377\006\061\006\110\006\064\000\040\006\105\006\050\006\052\006\106\006\314\000\040\006\050\006\061\000\040\006\057\006\061\006\056\006\052}{chapter.3}% 17
\BOOKMARK [1][-]{section.3.2}{\376\377\006\061\006\110\006\064\000\040\006\105\006\050\006\052\006\106\006\314\000\040\006\050\006\061\000\040\006\102\006\047\006\104\006\050}{chapter.3}% 18
\BOOKMARK [1][-]{section.3.3}{\376\377\006\061\006\110\006\064\000\040\006\105\006\050\006\052\006\106\006\314\000\040\006\050\006\061\000\040\006\107\006\063\006\052\006\047\006\106\040\014\006\064\006\106\006\047\006\063\006\314}{chapter.3}% 19
\BOOKMARK [1][-]{section.3.4}{\376\377\006\061\006\110\006\064\000\040\006\071\006\050\006\047\006\061\006\052\000\040\006\105\006\102\006\057\006\105\006\107\000\040\006\110\000\040\006\050\006\057\006\106\006\107}{chapter.3}% 20
\BOOKMARK [1][-]{section.3.5}{\376\377\006\061\006\110\006\064\000\040\006\105\006\050\006\052\006\106\006\314\000\040\006\050\006\061\000\040\006\257\006\061\006\047\006\101}{chapter.3}% 21
\BOOKMARK [1][-]{section.3.6}{\376\377\006\061\006\110\006\064\000\040\006\105\006\050\006\052\006\106\006\314\000\040\006\050\006\061\000\040\006\102\006\047\006\106\006\110\006\106\000\040}{chapter.3}% 22
\BOOKMARK [1][-]{section.3.7}{\376\377\006\061\006\110\006\064\040\014\006\107\006\047\006\314\000\040\006\105\006\050\006\052\006\106\006\314\000\040\006\050\006\061\000\040\006\105\006\057\006\104\000\040\006\251\006\057\006\257\006\060\006\047\006\061\000-\006\251\006\057\006\257\006\064\006\047}{chapter.3}% 23
\BOOKMARK [1][-]{section.3.8}{\376\377\006\061\006\110\006\064\040\014\006\107\006\047\006\314\000\040\006\105\006\050\006\052\006\106\006\314\000\040\006\050\006\061\000\040\006\105\006\057\006\104\000\040\006\052\006\061\006\106\006\063\006\101\006\110\006\061\006\105\006\061\040\014}{chapter.3}% 24
\BOOKMARK [2][-]{subsection.3.8.1}{\376\377\006\047\006\314\006\057\006\107\040\014\006\107\006\047\006\314\000\040\006\047\006\061\006\047\006\046\006\107\000\040\006\064\006\057\006\107\000\040\006\050\006\107\006\050\006\110\006\057\000\040\006\056\006\104\006\047\006\065\006\107\040\014\006\063\006\047\006\062\006\314\000\040\006\105\006\052\006\110\006\106\000\040\006\067\006\110\006\104\006\047\006\106\006\314\000\040}{section.3.8}% 25
\BOOKMARK [1][-]{section.3.9}{\376\377\000\040\006\314\006\047\006\057\006\257\006\314\006\061\006\314\000\040\006\052\006\102\006\110\006\314\006\052\006\314\000\040\006\050\006\061\006\047\006\314\000\040\006\055\006\104\000\040\006\206\006\047\006\104\006\064\040\014\006\107\006\047\006\314\000\040\006\105\006\057\006\104\000\040\006\057\006\106\006\050\006\047\006\104\006\107\000\040\006\050\006\107\000\040\006\057\006\106\006\050\006\047\006\104\006\107\000\040\006\071\006\105\006\314\006\102}{chapter.3}% 26
\BOOKMARK [1][-]{section.3.10}{\376\377\006\314\006\047\006\057\006\257\006\314\006\061\006\314\000\040\006\052\006\102\006\110\006\314\006\052\006\314\000\040\006\050\006\061\006\047\006\314\000\040\006\052\006\061\006\251\006\314\006\050\000\040\006\056\006\104\006\047\006\065\006\107\040\014\006\107\006\047\006\314\000\040\006\047\006\063\006\052\006\056\006\061\006\047\006\054\006\314\000\040\006\110\000\040\006\047\006\106\006\052\006\062\006\047\006\071\006\314}{chapter.3}% 27
\BOOKMARK [1][-]{section.3.11}{\376\377\006\314\006\047\006\057\006\257\006\314\006\061\006\314\000\040\006\052\006\102\006\110\006\314\006\052\006\314\000\040\006\050\006\061\006\047\006\314\000\040\006\047\006\314\006\054\006\047\006\057\000\040\006\105\006\071\006\314\006\047\006\061\006\107\006\047\000\040\006\110\000\040\006\176\006\047\006\057\006\047\006\064\040\014\006\107\006\047\006\314\000\040\006\054\006\057\006\314\006\057}{chapter.3}% 28
\BOOKMARK [1][-]{section.3.12}{\376\377\000\040\006\314\006\047\006\057\006\257\006\314\006\061\006\314\000\040\006\052\006\102\006\110\006\314\006\052\006\314\000\040\006\050\006\061\006\047\006\314\000\040\006\047\006\314\006\054\006\047\006\057\000\040\006\056\006\104\006\047\006\065\006\107\000\040\006\105\006\052\006\106\006\047\006\063\006\050\000\040\006\050\006\047\000\040\006\106\006\314\006\047\006\062\000\040\006\251\006\047\006\061\006\050\006\061}{chapter.3}% 29
\BOOKMARK [1][-]{section.3.13}{\376\377\006\052\006\110\006\107\006\105\000\040\006\057\006\061\000\040\006\105\006\057\006\104\000\040\040\014\006\107\006\047\006\314\000\040\006\062\006\050\006\047\006\106\006\314\000\040\006\050\006\062\006\061\006\257}{chapter.3}% 30
\BOOKMARK [1][-]{section.3.14}{\376\377\006\107\006\061\006\063\000\040\006\105\006\057\006\104\000\040\006\107\006\047\006\314\000\040\006\062\006\050\006\047\006\106\006\314}{chapter.3}% 31
\BOOKMARK [1][-]{section.3.15}{\376\377\006\105\006\071\006\314\006\047\006\061\006\107\006\047\006\314\000\040\006\047\006\061\006\062\006\314\006\047\006\050\006\314\000\040\006\056\006\104\006\047\006\065\006\107\040\014\006\063\006\047\006\062\006\314\000\040\006\056\006\110\006\057\006\251\006\047\006\061}{chapter.3}% 32
\BOOKMARK [1][-]{section.3.16}{\376\377\006\105\006\055\006\057\006\110\006\057\006\314\006\052\040\014\006\107\006\047\000\040\006\110\000\040\006\176\006\314\006\064\006\061\006\101\006\052\040\014\006\107\006\047}{chapter.3}% 33
\BOOKMARK [0][-]{chapter.4}{\376\377\006\061\006\110\006\064\040\014\006\047\006\061\006\047\006\046\006\107\000\040\006\064\006\057\006\107}{}% 34
\BOOKMARK [0][-]{chapter.5}{\376\377\006\106\006\052\006\047\006\314\006\054}{}% 35
\BOOKMARK [0][-]{appendix*.4}{\376\377\006\251\006\052\006\047\006\050\040\014\006\106\006\047\006\105\006\107}{}% 36
\BOOKMARK [0][-]{appendix*.5}{\376\377\006\110\006\047\006\230\006\107\040\014\006\106\006\047\006\105\006\107\040\014\006\314\000\040\006\047\006\106\006\257\006\104\006\314\006\063\006\314\000\040\006\050\006\107\000\040\006\101\006\047\006\061\006\063\006\314}{}% 37
\BOOKMARK [0][-]{appendix*.6}{\376\377\006\110\006\047\006\230\006\107\040\014\006\106\006\047\006\105\006\107\040\014\006\314\000\040\006\047\006\106\006\257\006\104\006\314\006\063\006\314\000\040\006\050\006\107\000\040\006\101\006\047\006\061\006\063\006\314}{}% 38
